<?xml version="1.0" encoding="UTF-8"?>
<!-- Generated by org.testng.reporters.JUnitReportReporter -->
<testsuite skipped="0" hostname="Donalds-MacBook-Pro.local" name="split.docker.selenium.Test1" tests="1" failures="0" timestamp="06 Oct 2017 21:52:05 GMT" time="29.317" errors="0">
  <testcase name="f" time="29.317" classname="split.docker.selenium.Test1"/>
</testsuite> <!-- split.docker.selenium.Test1 -->
