<?xml version="1.0" encoding="UTF-8"?>
<!-- Generated by org.testng.reporters.JUnitReportReporter -->
<testsuite skipped="0" hostname="Donalds-MacBook-Pro.local" name="split.docker.selenium.test2" tests="1" failures="0" timestamp="07 Oct 2017 01:17:24 GMT" time="2.504" errors="0">
  <testcase name="f" time="2.504" classname="split.docker.selenium.test2"/>
</testsuite> <!-- split.docker.selenium.test2 -->
