<?xml version="1.0" encoding="UTF-8"?>
<!-- Generated by org.testng.reporters.JUnitReportReporter -->
<testsuite hostname="Donalds-MacBook-Pro.local" name="split.docker.selenium.Test1" tests="1" failures="0" timestamp="9 Oct 2017 18:47:22 GMT" time="6.043" errors="0">
  <testcase name="login" time="6.043" classname="split.docker.selenium.Test1"/>
</testsuite> <!-- split.docker.selenium.Test1 -->
