<?xml version="1.0" encoding="UTF-8"?>
<!-- Generated by org.testng.reporters.JUnitReportReporter -->
<testsuite hostname="Donalds-MacBook-Pro.local" name="split.docker.selenium.test2" tests="1" failures="0" timestamp="6 Oct 2017 21:55:56 GMT" time="6.158" errors="0">
  <testcase name="f" time="6.158" classname="split.docker.selenium.test2"/>
</testsuite> <!-- split.docker.selenium.test2 -->
