<?xml version="1.0" encoding="UTF-8"?>
<!-- Generated by org.testng.reporters.JUnitReportReporter -->
<testsuite hostname="Donalds-MacBook-Pro.local" name="split.docker.selenium.test2" tests="1" failures="0" timestamp="9 Oct 2017 18:47:17 GMT" time="6.039" errors="0">
  <testcase name="login" time="6.039" classname="split.docker.selenium.test2"/>
</testsuite> <!-- split.docker.selenium.test2 -->
