<?xml version="1.0" encoding="UTF-8"?>
<!-- Generated by org.testng.reporters.JUnitReportReporter -->
<testsuite hostname="Donalds-MacBook-Pro.local" name="split.docker.selenium.Test4" tests="1" failures="0" timestamp="9 Oct 2017 18:47:27 GMT" time="3.084" errors="0">
  <testcase name="login" time="3.084" classname="split.docker.selenium.Test4"/>
</testsuite> <!-- split.docker.selenium.Test4 -->
