<?xml version="1.0" encoding="UTF-8"?>
<!-- Generated by org.testng.reporters.JUnitReportReporter -->
<testsuite hostname="Donalds-MacBook-Pro.local" name="split.docker.selenium.Test1" tests="1" failures="0" timestamp="6 Oct 2017 21:56:01 GMT" time="27.600" errors="0">
  <testcase name="f" time="27.600" classname="split.docker.selenium.Test1"/>
</testsuite> <!-- split.docker.selenium.Test1 -->
